[2025-10-05T18:34:34.684Z] [SUCCESS] 🚀 ULTIMATE AUTONOMOUS ASSISTANT STARTING
[2025-10-05T18:34:34.690Z] [PERF] ⚡ Performance mode: ENABLED
[2025-10-05T18:34:34.691Z] [SUCCESS] 🔒 Zero-click mode: ACTIVE
[2025-10-05T18:34:34.692Z] [PERF] 🧠 Memory limit: 2GB with auto-cleanup
[2025-10-05T18:34:34.693Z] [INFO] Starting with fresh state
[2025-10-05T18:34:34.694Z] [INFO] 🔍 Comprehensive system check...
[2025-10-05T18:34:34.707Z] [INFO] ➕ Added normal priority task: build-project
[2025-10-05T18:34:34.757Z] [INFO] ➕ Added high priority task: commit-changes
[2025-10-05T18:34:35.000Z] [SUCCESS] ✅ Node Environment: Node v22.20.0, npm 11.6.1
[2025-10-05T18:34:34.999Z] [SUCCESS] ✅ Git Status: 1 uncommitted changes found
[2025-10-05T18:34:35.000Z] [SUCCESS] ✅ Build Health: Build stale (1960min) - scheduled rebuild
[2025-10-05T18:34:35.001Z] [SUCCESS] ✅ VS Code Integration: VS Code settings check failed
[2025-10-05T18:34:35.001Z] [SUCCESS] ✅ Performance: Heap: 5MB, System: 6972MB, Free: 5058MB
[2025-10-05T18:34:35.001Z] [INFO] 🔄 Main execution loop started
[2025-10-05T18:34:35.004Z] [INFO] 🔧 Executing: commit-changes (attempt 1)
[2025-10-05T18:34:36.317Z] [SUCCESS] Changes committed successfully
[2025-10-05T18:34:38.255Z] [SUCCESS] Changes pushed to remote
[2025-10-05T18:34:38.314Z] [INFO] ➕ Added high priority task: deploy-project
[2025-10-05T18:34:38.315Z] [SUCCESS] ✅ Completed: commit-changes (3311ms)
[2025-10-05T18:34:53.322Z] [INFO] 🔧 Executing: deploy-project (attempt 1)
[2025-10-05T18:34:53.324Z] [INFO] Deploying project...
[2025-10-05T18:34:53.327Z] [INFO] Building project...
[2025-10-05T18:34:53.328Z] [INFO] Building in portfolio-mixed directory
[2025-10-05T18:36:01.902Z] [SUCCESS] Build completed successfully
[2025-10-05T18:36:01.945Z] [SUCCESS] Auto-deployment triggered via push
[2025-10-05T18:36:01.946Z] [SUCCESS] ✅ Completed: deploy-project (68624ms)
[2025-10-05T18:36:16.950Z] [INFO] 🔧 Executing: build-project (attempt 1)
[2025-10-05T18:36:16.952Z] [INFO] Building project...
[2025-10-05T18:36:16.955Z] [INFO] Building in portfolio-mixed directory
[2025-10-05T18:36:59.665Z] [SUCCESS] Build completed successfully
[2025-10-05T18:36:59.665Z] [SUCCESS] ✅ Completed: build-project (42715ms)
[2025-10-05T18:37:14.754Z] [INFO] ➕ Added normal priority task: commit-changes
[2025-10-05T18:37:29.765Z] [INFO] 🔧 Executing: commit-changes (attempt 1)
